Simple Facebook/build/outputs/logs/manifest-merger-debug-report.txt
-- Merging decision tree log ---
manifest
ADDED from Simple Facebook\AndroidManifest.xml:17:1-22:12
INJECTED from Simple Facebook\AndroidManifest.xml:17:1-22:12
INJECTED from Simple Facebook\AndroidManifest.xml:17:1-22:12
	package
		ADDED from Simple Facebook\AndroidManifest.xml:18:5-35
		INJECTED from Simple Facebook\AndroidManifest.xml
		INJECTED from Simple Facebook\AndroidManifest.xml
	xmlns:android
		ADDED from Simple Facebook\AndroidManifest.xml:17:11-69
application
ADDED from Simple Facebook\AndroidManifest.xml:20:5-20
uses-sdk
INJECTED from Simple Facebook\AndroidManifest.xml reason: use-sdk injection requested
INJECTED from Simple Facebook\AndroidManifest.xml
INJECTED from Simple Facebook\AndroidManifest.xml
INJECTED from Simple Facebook\AndroidManifest.xml
INJECTED from Simple Facebook\AndroidManifest.xml
	android:targetSdkVersion
		INJECTED from Simple Facebook\AndroidManifest.xml
		ADDED from Simple Facebook\AndroidManifest.xml
		INJECTED from Simple Facebook\AndroidManifest.xml
	android:minSdkVersion
		INJECTED from Simple Facebook\AndroidManifest.xml
		ADDED from Simple Facebook\AndroidManifest.xml
		INJECTED from Simple Facebook\AndroidManifest.xml